<?xml version="1.0" encoding="UTF-8"?>
<testsuite name="BowlingGameTest" tests="3" skipped="0" failures="0" errors="0" timestamp="2020-01-07T16:16:14" hostname="ALT01844" time="0.042">
  <properties/>
  <testcase name="all strikes" classname="BowlingGameTest" time="0.041"/>
  <testcase name="every second pin a miss" classname="BowlingGameTest" time="0.0"/>
  <testcase name="all spares" classname="BowlingGameTest" time="0.001"/>
  <system-out><![CDATA[]]></system-out>
  <system-err><![CDATA[]]></system-err>
</testsuite>
